c:\users\s\desktop\numerical methods\project1\project1\debug\vc140.pdb
c:\users\s\desktop\numerical methods\project1\project1\debug\vc140.idb
c:\users\s\desktop\numerical methods\project1\project1\debug\abstractscheme.obj
c:\users\s\desktop\numerical methods\project1\project1\debug\explicitupwind.obj
c:\users\s\desktop\numerical methods\project1\project1\debug\implicitupwind.obj
c:\users\s\desktop\numerical methods\project1\project1\debug\initialization.obj
c:\users\s\desktop\numerical methods\project1\project1\debug\laxwendroff.obj
c:\users\s\desktop\numerical methods\project1\project1\debug\lu.obj
c:\users\s\desktop\numerical methods\project1\project1\debug\main.obj
c:\users\s\desktop\numerical methods\project1\project1\debug\matrix.obj
c:\users\s\desktop\numerical methods\project1\project1\debug\richtmyermultistep.obj
c:\users\s\desktop\numerical methods\project1\project1\debug\vector.obj
c:\users\s\desktop\numerical methods\project1\debug\project1.ilk
c:\users\s\desktop\numerical methods\project1\debug\project1.exe
c:\users\s\desktop\numerical methods\project1\debug\project1.pdb
c:\users\s\desktop\numerical methods\project1\project1\debug\project1.tlog\cl.command.1.tlog
c:\users\s\desktop\numerical methods\project1\project1\debug\project1.tlog\cl.read.1.tlog
c:\users\s\desktop\numerical methods\project1\project1\debug\project1.tlog\cl.write.1.tlog
c:\users\s\desktop\numerical methods\project1\project1\debug\project1.tlog\link.command.1.tlog
c:\users\s\desktop\numerical methods\project1\project1\debug\project1.tlog\link.read.1.tlog
c:\users\s\desktop\numerical methods\project1\project1\debug\project1.tlog\link.write.1.tlog
